Arguments: 
  /Users/User/.nvm/versions/node/v9.8.0/bin/node /Users/User/.nvm/versions/node/v9.8.0/bin/yarn start

PATH: 
  /Users/User/.rvm/gems/ruby-2.4.1/bin:/Users/User/.rvm/gems/ruby-2.4.1@global/bin:/Users/User/.rvm/rubies/ruby-2.4.1/bin:/Users/User/.nvm/versions/node/v9.8.0/bin:/usr/local/bin:/usr/bin:/bin:/usr/sbin:/sbin:/opt/X11/bin:/Users/User/.rvm/bin

Yarn version: 
  1.5.1

Node version: 
  9.8.0

Platform: 
  darwin x64

npm manifest: 
  {
    "name": "gatsby-starter-dimension",
    "description": "Gatsby Starter - Dimension by HTML5 UP",
    "version": "1.0.0",
    "author": "Hunter Chang",
    "dependencies": {
      "gatsby": "^1.9.118",
      "gatsby-image": "^1.0.27",
      "gatsby-link": "^1.6.28",
      "gatsby-plugin-google-analytics": "^1.0.12",
      "gatsby-plugin-react-helmet": "^1.0.8",
      "gatsby-plugin-sass": "^1.0.14",
      "gatsby-plugin-sharp": "^1.6.21",
      "gatsby-remark-copy-linked-files": "^1.5.9",
      "gatsby-remark-images": "^1.5.33",
      "gatsby-source-filesystem": "^1.5.8",
      "gatsby-transformer-remark": "^1.7.21",
      "gatsby-transformer-sharp": "^1.6.14",
      "lodash": "^4.17.4",
      "react-player": "^1.2.1",
      "react-youtube": "^7.5.0"
    },
    "homepage": "https://github.com/ChangoMan/gatsby-starter-dimension",
    "keywords": [
      "gatsby"
    ],
    "license": "MIT",
    "main": "n/a",
    "repository": {
      "type": "git",
      "url": "https://github.com/ChangoMan/gatsby-starter-dimension.git"
    },
    "scripts": {
      "dev": "gatsby develop",
      "lint": "./node_modules/.bin/eslint --ext .js,.jsx --ignore-pattern public .",
      "test": "echo \"Error: no test specified\" && exit 1",
      "develop": "gatsby develop",
      "build": "gatsby build",
      "deploy": "gatsby build --prefix-paths && gh-pages -d public",
      "fix-semi": "eslint --quiet --ignore-pattern node_modules --ignore-pattern public --parser babel-eslint --no-eslintrc --rule '{\"semi\": [2, \"never\"], \"no-extra-semi\": [2]}' --fix gatsby-node.js",
      "deploy": "gatsby build --prefix-paths && gh-pages -d public"
    },
    "devDependencies": {
      "gh-pages": "^1.1.0"
    }
  
  }

yarn manifest: 
  No manifest

Lockfile: 
  No lockfile

Trace: 
  Error: Command "start" not found.
      at new MessageError (/Users/User/.nvm/versions/node/v9.8.0/lib/node_modules/yarn/lib/cli.js:186:110)
      at /Users/User/.nvm/versions/node/v9.8.0/lib/node_modules/yarn/lib/cli.js:87307:17
      at Generator.next (<anonymous>)
      at step (/Users/User/.nvm/versions/node/v9.8.0/lib/node_modules/yarn/lib/cli.js:98:30)
      at /Users/User/.nvm/versions/node/v9.8.0/lib/node_modules/yarn/lib/cli.js:116:14
      at new Promise (<anonymous>)
      at new F (/Users/User/.nvm/versions/node/v9.8.0/lib/node_modules/yarn/lib/cli.js:23451:28)
      at /Users/User/.nvm/versions/node/v9.8.0/lib/node_modules/yarn/lib/cli.js:95:12
      at runCommand (/Users/User/.nvm/versions/node/v9.8.0/lib/node_modules/yarn/lib/cli.js:87312:22)
      at Object.<anonymous> (/Users/User/.nvm/versions/node/v9.8.0/lib/node_modules/yarn/lib/cli.js:87412:14)
